# JRE version: OpenJDK Runtime Environment (11.0.13) (build 11.0.13+0-b1751.21-8125866)
# Java VM: OpenJDK 64-Bit Server VM (11.0.13+0-b1751.21-8125866, mixed mode, tiered, compressed oops, g1 gc, windows-amd64)
Heap:
 garbage-first heap   total 198656K, used 154744K [0x0000000080000000, 0x0000000100000000)
  region size 1024K, 44 young (45056K), 6 survivors (6144K)
 Metaspace       used 130935K, capacity 135563K, committed 135888K, reserved 1167360K
  class space    used 16600K, capacity 18345K, committed 18464K, reserved 1048576K
GC Heap History (20 events):
Event: 790.539 GC heap before
{Heap before GC invocations=51 (full 0):
 garbage-first heap   total 198656K, used 161867K [0x0000000080000000, 0x0000000100000000)
  region size 1024K, 47 young (48128K), 2 survivors (2048K)
 Metaspace       used 128095K, capacity 131883K, committed 132048K, reserved 1163264K
  class space    used 16221K, capacity 17674K, committed 17696K, reserved 1048576K
}
Event: 790.583 GC heap after
{Heap after GC invocations=52 (full 0):
 garbage-first heap   total 198656K, used 123904K [0x0000000080000000, 0x0000000100000000)
  region size 1024K, 6 young (6144K), 6 survivors (6144K)
 Metaspace       used 128095K, capacity 131883K, committed 132048K, reserved 1163264K
  class space    used 16221K, capacity 17674K, committed 17696K, reserved 1048576K
}
Event: 794.693 GC heap before
{Heap before GC invocations=53 (full 0):
 garbage-first heap   total 198656K, used 162816K [0x0000000080000000, 0x0000000100000000)
  region size 1024K, 46 young (47104K), 6 survivors (6144K)
 Metaspace       used 128632K, capacity 132660K, committed 132688K, reserved 1165312K
  class space    used 16292K, capacity 17806K, committed 17824K, reserved 1048576K
}
Event: 794.706 GC heap after
{Heap after GC invocations=54 (full 0):
 garbage-first heap   total 198656K, used 122578K [0x0000000080000000, 0x0000000100000000)
  region size 1024K, 2 young (2048K), 2 survivors (2048K)
 Metaspace       used 128632K, capacity 132660K, committed 132688K, reserved 1165312K
  class space    used 16292K, capacity 17806K, committed 17824K, reserved 1048576K
}
Event: 795.050 GC heap before
{Heap before GC invocations=54 (full 0):
 garbage-first heap   total 198656K, used 129746K [0x0000000080000000, 0x0000000100000000)
  region size 1024K, 9 young (9216K), 2 survivors (2048K)
 Metaspace       used 128869K, capacity 132869K, committed 132944K, reserved 1165312K
  class space    used 16292K, capacity 17807K, committed 17824K, reserved 1048576K
}
Event: 795.062 GC heap after
{Heap after GC invocations=55 (full 0):
 garbage-first heap   total 198656K, used 114858K [0x0000000080000000, 0x0000000100000000)
  region size 1024K, 1 young (1024K), 1 survivors (1024K)
 Metaspace       used 128869K, capacity 132869K, committed 132944K, reserved 1165312K
  class space    used 16292K, capacity 17807K, committed 17824K, reserved 1048576K
}
Event: 795.081 GC heap before
{Heap before GC invocations=55 (full 0):
 garbage-first heap   total 198656K, used 115882K [0x0000000080000000, 0x0000000100000000)
  region size 1024K, 3 young (3072K), 1 survivors (1024K)
 Metaspace       used 128876K, capacity 132869K, committed 132944K, reserved 1165312K
  class space    used 16292K, capacity 17807K, committed 17824K, reserved 1048576K
}
Event: 795.085 GC heap after
{Heap after GC invocations=56 (full 0):
 garbage-first heap   total 198656K, used 115049K [0x0000000080000000, 0x0000000100000000)
  region size 1024K, 1 young (1024K), 1 survivors (1024K)
 Metaspace       used 128876K, capacity 132869K, committed 132944K, reserved 1165312K
  class space    used 16292K, capacity 17807K, committed 17824K, reserved 1048576K
}
Event: 883.221 GC heap before
{Heap before GC invocations=57 (full 0):
 garbage-first heap   total 198656K, used 185705K [0x0000000080000000, 0x0000000100000000)
  region size 1024K, 43 young (44032K), 1 survivors (1024K)
 Metaspace       used 129000K, capacity 132997K, committed 133200K, reserved 1165312K
  class space    used 16292K, capacity 17807K, committed 17824K, reserved 1048576K
}
Event: 883.230 GC heap after
{Heap after GC invocations=58 (full 0):
 garbage-first heap   total 198656K, used 119596K [0x0000000080000000, 0x0000000100000000)
  region size 1024K, 6 young (6144K), 6 survivors (6144K)
 Metaspace       used 129000K, capacity 132997K, committed 133200K, reserved 1165312K
  class space    used 16292K, capacity 17807K, committed 17824K, reserved 1048576K
}
Event: 883.283 GC heap before
{Heap before GC invocations=58 (full 0):
 garbage-first heap   total 198656K, used 122668K [0x0000000080000000, 0x0000000100000000)
  region size 1024K, 9 young (9216K), 6 survivors (6144K)
 Metaspace       used 129025K, capacity 133004K, committed 133200K, reserved 1165312K
  class space    used 16293K, capacity 17808K, committed 17824K, reserved 1048576K
}
Event: 883.295 GC heap after
{Heap after GC invocations=59 (full 0):
 garbage-first heap   total 198656K, used 118919K [0x0000000080000000, 0x0000000100000000)
  region size 1024K, 1 young (1024K), 1 survivors (1024K)
 Metaspace       used 129025K, capacity 133004K, committed 133200K, reserved 1165312K
  class space    used 16293K, capacity 17808K, committed 17824K, reserved 1048576K
}
Event: 885.856 GC heap before
{Heap before GC invocations=59 (full 0):
 garbage-first heap   total 198656K, used 158855K [0x0000000080000000, 0x0000000100000000)
  region size 1024K, 41 young (41984K), 1 survivors (1024K)
 Metaspace       used 129140K, capacity 133168K, committed 133200K, reserved 1165312K
  class space    used 16298K, capacity 17816K, committed 17824K, reserved 1048576K
}
Event: 885.873 GC heap after
{Heap after GC invocations=60 (full 0):
 garbage-first heap   total 198656K, used 121469K [0x0000000080000000, 0x0000000100000000)
  region size 1024K, 4 young (4096K), 4 survivors (4096K)
 Metaspace       used 129140K, capacity 133168K, committed 133200K, reserved 1165312K
  class space    used 16298K, capacity 17816K, committed 17824K, reserved 1048576K
}
Event: 970.044 GC heap before
{Heap before GC invocations=61 (full 0):
 garbage-first heap   total 198656K, used 169597K [0x0000000080000000, 0x0000000100000000)
  region size 1024K, 44 young (45056K), 4 survivors (4096K)
 Metaspace       used 129885K, capacity 134144K, committed 134224K, reserved 1165312K
  class space    used 16414K, capacity 18002K, committed 18080K, reserved 1048576K
}
Event: 970.057 GC heap after
{Heap after GC invocations=62 (full 0):
 garbage-first heap   total 198656K, used 121537K [0x0000000080000000, 0x0000000100000000)
  region size 1024K, 3 young (3072K), 3 survivors (3072K)
 Metaspace       used 129885K, capacity 134144K, committed 134224K, reserved 1165312K
  class space    used 16414K, capacity 18002K, committed 18080K, reserved 1048576K
}
Event: 970.139 GC heap before
{Heap before GC invocations=62 (full 0):
 garbage-first heap   total 198656K, used 127681K [0x0000000080000000, 0x0000000100000000)
  region size 1024K, 9 young (9216K), 3 survivors (3072K)
 Metaspace       used 129972K, capacity 134231K, committed 134480K, reserved 1165312K
  class space    used 16422K, capacity 18017K, committed 18080K, reserved 1048576K
}
Event: 970.151 GC heap after
{Heap after GC invocations=63 (full 0):
 garbage-first heap   total 198656K, used 114759K [0x0000000080000000, 0x0000000100000000)
  region size 1024K, 2 young (2048K), 2 survivors (2048K)
 Metaspace       used 129972K, capacity 134231K, committed 134480K, reserved 1165312K
  class space    used 16422K, capacity 18017K, committed 18080K, reserved 1048576K
}
Event: 1027.325 GC heap before
{Heap before GC invocations=63 (full 0):
 garbage-first heap   total 198656K, used 158791K [0x0000000080000000, 0x0000000100000000)
  region size 1024K, 46 young (47104K), 2 survivors (2048K)
 Metaspace       used 130630K, capacity 135169K, committed 135248K, reserved 1167360K
  class space    used 16564K, capacity 18280K, committed 18336K, reserved 1048576K
}
Event: 1027.338 GC heap after
{Heap after GC invocations=64 (full 0):
 garbage-first heap   total 198656K, used 118904K [0x0000000080000000, 0x0000000100000000)
  region size 1024K, 6 young (6144K), 6 survivors (6144K)
 Metaspace       used 130630K, capacity 135169K, committed 135248K, reserved 1167360K
  class space    used 16564K, capacity 18280K, committed 18336K, reserved 1048576K
}

